<?xml version="1.0" encoding="UTF-8"?>
<testng-results skipped="0" failed="0" ignored="0" total="1" passed="1">
  <reporter-output>
  </reporter-output>
  <suite name="Default suite" duration-ms="13094" started-at="2019-09-19T11:14:28Z" finished-at="2019-09-19T11:14:41Z">
    <groups>
    </groups>
    <test name="Default test" duration-ms="13094" started-at="2019-09-19T11:14:28Z" finished-at="2019-09-19T11:14:41Z">
      <class name="com.test.table1">
        <test-method status="PASS" signature="f()[pri:0, instance:com.test.table1@4501b7af]" name="f" duration-ms="13031" started-at="2019-09-19T11:14:28Z" finished-at="2019-09-19T11:14:41Z">
          <reporter-output>
          </reporter-output>
        </test-method> <!-- f -->
      </class> <!-- com.test.table1 -->
    </test> <!-- Default test -->
  </suite> <!-- Default suite -->
</testng-results>
